
RAxML-NG v. 1.1.0-master released on 22.06.2022 by The Exelixis Lab.
Developed by: Alexey M. Kozlov and Alexandros Stamatakis.
Contributors: Diego Darriba, Tomas Flouri, Benoit Morel, Sarah Lutteropp, Ben Bettisworth.
Latest version: https://github.com/amkozlov/raxml-ng
Questions/problems/suggestions? Please visit: https://groups.google.com/forum/#!forum/raxml

System: Intel(R) Xeon(R) CPU E5-2680 v4 @ 2.40GHz, 28 cores, 251 GB RAM

RAxML-NG was called at 10-Apr-2024 11:14:32 as follows:

/project2/cbrook/software/raxml-ng/bin/raxml-ng-mpi --parse --msa DENV2alignedML.fasta --model GTR+I+G4 --prefix T2

Analysis options:
  run mode: Alignment parsing and compression
  start tree(s): 
  random seed: 1712765672
  tip-inner: OFF
  pattern compression: ON
  per-rate scalers: OFF
  site repeats: ON
  branch lengths: proportional (ML estimate, algorithm: NR-FAST)
  SIMD kernels: AVX2
  parallelization: coarse-grained (auto), PTHREADS (auto)

[00:00:00] Reading alignment from file: DENV2alignedML.fasta
[00:00:00] Loaded alignment with 219 taxa and 11082 sites

Alignment comprises 1 partitions and 3483 patterns

Partition 0: noname
Model: GTR+FO+I+G4m
Alignment sites / patterns: 11082 / 3483
Gaps: 4.14 %
Invariant sites: 54.83 %


NOTE: Binary MSA file created: T2.raxml.rba


* Estimated memory requirements                : 186 MB

* Recommended number of threads / MPI processes: 8

Please note that numbers given above are rough estimates only. 
Actual memory consumption and parallel performance on your system may differ!

Alignment can be successfully read by RAxML-NG.


Execution log saved to: /home/cbrook/denv2ML/T2.raxml.log

Analysis started: 10-Apr-2024 11:14:32 / finished: 10-Apr-2024 11:14:32

Elapsed time: 0.386 seconds

